<?xml version="1.0" encoding="UTF-8"?>
<!-- Generated by org.testng.reporters.JUnitXMLReporter -->
<testsuite hostname="Druti" ignored="0" tests="10" failures="1" timestamp="07 Nov 2017 20:38:45 GMT" time="197.89" errors="0">
  <testcase name="BasicAuthTest" time="16.294" classname="runtest"/>
  <testcase name="Horizontalslidetest" time="16.194" classname="runtest"/>
  <testcase name="Hoverstest" time="19.213" classname="runtest"/>
  <testcase name="JavaScriptAlertstest" time="28.623" classname="runtest"/>
  <testcase name="Newwindowstest" time="19.321" classname="runtest"/>
  <testcase name="Notificationmessagetest" time="18.042" classname="runtest"/>
  <testcase name="contextmenutest" time="22.353" classname="runtest"/>
  <testcase name="dropdowntest" time="22.202" classname="runtest"/>
  <testcase name="f" time="15.215" classname="runtest">
    <failure type="org.openqa.selenium.NoSuchSessionException" message="Session ID is null. Using WebDriver after calling quit()?
Build info: version: &amp;apos;3.7.0&amp;apos;, revision: &amp;apos;2321c73&amp;apos;, time: &amp;apos;2017-11-02T22:12:12.411Z&amp;apos;
System info: host: &amp;apos;DRUTI&amp;apos;, ip: &amp;apos;192.168.8.100&amp;apos;, os.name: &amp;apos;Windows 8.1&amp;apos;, os.arch: &amp;apos;amd64&amp;apos;, os.version: &amp;apos;6.3&amp;apos;, java.version: &amp;apos;1.8.0_131&amp;apos;
Driver info: driver.version: RemoteWebDriver">
      <![CDATA[org.openqa.selenium.NoSuchSessionException: Session ID is null. Using WebDriver after calling quit()?
Build info: version: '3.7.0', revision: '2321c73', time: '2017-11-02T22:12:12.411Z'
System info: host: 'DRUTI', ip: '192.168.8.100', os.name: 'Windows 8.1', os.arch: 'amd64', os.version: '6.3', java.version: '1.8.0_131'
Driver info: driver.version: RemoteWebDriver
	at org.openqa.selenium.remote.HttpCommandExecutor.execute(HttpCommandExecutor.java:131)
	at org.openqa.selenium.remote.service.DriverCommandExecutor.execute(DriverCommandExecutor.java:83)
	at org.openqa.selenium.remote.RemoteWebDriver.execute(RemoteWebDriver.java:600)
	at org.openqa.selenium.remote.RemoteWebElement.execute(RemoteWebElement.java:279)
	at org.openqa.selenium.remote.RemoteWebElement.isSelected(RemoteWebElement.java:140)
	at checkbox.checkboxmethod(checkbox.java:36)
	at runtest.f(runtest.java:7)
... Removed 25 stack frames]]>
    </failure>
  </testcase> <!-- f -->
  <testcase name="uploadfiletest" time="20.382" classname="runtest"/>
</testsuite>
